<?xml version="1.0" encoding="UTF-8"?>
<testng-results skipped="1" failed="0" total="1" passed="0">
  <reporter-output>
    <line>
      <![CDATA[*********Execute Soap API project****************]]>
    </line>
  </reporter-output>
  <suite name="Suite" duration-ms="1552" started-at="2016-12-21T10:23:31Z" finished-at="2016-12-21T10:23:32Z">
    <groups>
    </groups>
    <test name="WebServiceTest" duration-ms="1552" started-at="2016-12-21T10:23:31Z" finished-at="2016-12-21T10:23:32Z">
      <class name="continuum.SoapUIDriver">
        <test-method status="PASS" signature="excuteSoapUI()[pri:0, instance:continuum.SoapUIDriver@39c08251]" name="excuteSoapUI" is-config="true" duration-ms="89" started-at="2016-12-21T15:53:31Z" finished-at="2016-12-21T15:53:31Z">
          <reporter-output>
            <line>
              <![CDATA[*********Execute Soap API project****************]]>
            </line>
          </reporter-output>
        </test-method> <!-- excuteSoapUI -->
        <test-method status="SKIP" signature="executeAPI(java.lang.String)[pri:0, instance:continuum.SoapUIDriver@39c08251]" name="executeAPI" duration-ms="0" started-at="2016-12-21T15:53:32Z" description="Execute Soap test cases" data-provider="soapTestCases" finished-at="2016-12-21T15:53:32Z">
          <exception class="java.lang.RuntimeException">
            <message>
              <![CDATA[java.lang.NullPointerException]]>
            </message>
            <full-stacktrace>
              <![CDATA[java.lang.RuntimeException: java.lang.NullPointerException
	at org.testng.internal.MethodInvocationHelper.invokeDataProvider(MethodInvocationHelper.java:163)
	at org.testng.internal.Parameters.handleParameters(Parameters.java:430)
	at org.testng.internal.Invoker.handleParameters(Invoker.java:1274)
	at org.testng.internal.Invoker.createParameters(Invoker.java:989)
	at org.testng.internal.Invoker.invokeTestMethods(Invoker.java:1079)
	at org.testng.internal.TestMethodWorker.invokeTestMethods(TestMethodWorker.java:129)
	at org.testng.internal.TestMethodWorker.run(TestMethodWorker.java:112)
	at org.testng.TestRunner.privateRun(TestRunner.java:782)
	at org.testng.TestRunner.run(TestRunner.java:632)
	at org.testng.SuiteRunner.runTest(SuiteRunner.java:366)
	at org.testng.SuiteRunner.runSequentially(SuiteRunner.java:361)
	at org.testng.SuiteRunner.privateRun(SuiteRunner.java:319)
	at org.testng.SuiteRunner.run(SuiteRunner.java:268)
	at org.testng.SuiteRunnerWorker.runSuite(SuiteRunnerWorker.java:52)
	at org.testng.SuiteRunnerWorker.run(SuiteRunnerWorker.java:86)
	at org.testng.TestNG.runSuitesSequentially(TestNG.java:1244)
	at org.testng.TestNG.runSuitesLocally(TestNG.java:1169)
	at org.testng.TestNG.run(TestNG.java:1064)
	at org.testng.remote.AbstractRemoteTestNG.run(AbstractRemoteTestNG.java:126)
	at org.testng.remote.RemoteTestNG.initAndRun(RemoteTestNG.java:152)
	at org.testng.remote.RemoteTestNG.main(RemoteTestNG.java:57)
Caused by: java.lang.NullPointerException
	at continuum.SoapUIIntegrator.getTestCases(SoapUIIntegrator.java:90)
	at continuum.SoapUIDriver.soapTestCases(SoapUIDriver.java:33)
	at sun.reflect.NativeMethodAccessorImpl.invoke0(Native Method)
	at sun.reflect.NativeMethodAccessorImpl.invoke(Unknown Source)
	at sun.reflect.DelegatingMethodAccessorImpl.invoke(Unknown Source)
	at java.lang.reflect.Method.invoke(Unknown Source)
	at org.testng.internal.MethodInvocationHelper.invokeMethod(MethodInvocationHelper.java:86)
	at org.testng.internal.MethodInvocationHelper.invokeDataProvider(MethodInvocationHelper.java:137)
	... 20 more
]]>
            </full-stacktrace>
          </exception> <!-- java.lang.RuntimeException -->
          <reporter-output>
          </reporter-output>
        </test-method> <!-- executeAPI -->
        <test-method status="PASS" signature="afterTestResults()[pri:0, instance:continuum.SoapUIDriver@39c08251]" name="afterTestResults" is-config="true" duration-ms="8" started-at="2016-12-21T15:53:32Z" finished-at="2016-12-21T15:53:32Z">
          <reporter-output>
          </reporter-output>
        </test-method> <!-- afterTestResults -->
      </class> <!-- continuum.SoapUIDriver -->
    </test> <!-- WebServiceTest -->
  </suite> <!-- Suite -->
</testng-results>
