<?xml version="1.0" encoding="UTF-8"?>
<testng-results skipped="0" failed="0" total="2" passed="2">
  <reporter-output>
    <line>
      <![CDATA[*********Execute Soap API project****************]]>
    </line>
  </reporter-output>
  <suite name="Suite" duration-ms="5941" started-at="2016-12-21T11:36:47Z" finished-at="2016-12-21T11:36:53Z">
    <groups>
    </groups>
    <test name="WebServiceTest" duration-ms="5941" started-at="2016-12-21T11:36:47Z" finished-at="2016-12-21T11:36:53Z">
      <class name="continuum.SoapUIDriver">
        <test-method status="PASS" signature="excuteSoapUI()[pri:0, instance:continuum.SoapUIDriver@146793f9]" name="excuteSoapUI" is-config="true" duration-ms="112" started-at="2016-12-21T17:06:47Z" finished-at="2016-12-21T17:06:47Z">
          <reporter-output>
            <line>
              <![CDATA[*********Execute Soap API project****************]]>
            </line>
          </reporter-output>
        </test-method> <!-- excuteSoapUI -->
        <test-method status="PASS" signature="executeAPI(java.lang.String)[pri:0, instance:continuum.SoapUIDriver@146793f9]" name="executeAPI" duration-ms="2929" started-at="2016-12-21T17:06:49Z" description="Execute Soap test cases" data-provider="soapTestCases" finished-at="2016-12-21T17:06:52Z">
          <params>
            <param index="0">
              <value>
                <![CDATA[ITGlue PRE]]>
              </value>
            </param>
          </params>
          <reporter-output>
          </reporter-output>
        </test-method> <!-- executeAPI -->
        <test-method status="PASS" signature="executeAPI(java.lang.String)[pri:0, instance:continuum.SoapUIDriver@146793f9]" name="executeAPI" duration-ms="908" started-at="2016-12-21T17:06:52Z" description="Execute Soap test cases" data-provider="soapTestCases" finished-at="2016-12-21T17:06:53Z">
          <params>
            <param index="0">
              <value>
                <![CDATA[ITGlue Live]]>
              </value>
            </param>
          </params>
          <reporter-output>
          </reporter-output>
        </test-method> <!-- executeAPI -->
        <test-method status="PASS" signature="afterTestResults()[pri:0, instance:continuum.SoapUIDriver@146793f9]" name="afterTestResults" is-config="true" duration-ms="10" started-at="2016-12-21T17:06:53Z" finished-at="2016-12-21T17:06:53Z">
          <reporter-output>
          </reporter-output>
        </test-method> <!-- afterTestResults -->
      </class> <!-- continuum.SoapUIDriver -->
    </test> <!-- WebServiceTest -->
  </suite> <!-- Suite -->
</testng-results>
