<?xml version="1.0" encoding="UTF-8"?>
<testsuite name="IT Glue API ALL.ITGlue" tests="2" failures="1" errors="0" time="3.252"><properties>
[...]
</properties><testcase name="ITGlue PRE" time="2.395"><failure type="Cancelling due to failed test step" message="Cancelling due to failed test step"><![CDATA[<h3><b>API ALL Failed</b></h3><pre>[JsonPath Count] Assertion failed for path [$..machineID] : IllegalArgumentException:Invalid JSON: <!DOCTYPE html PUBLIC "-//W3C//DTD XHTML 1.0 Strict//EN" "http://www.w3.org/TR/xhtml1/DTD/xhtml1-strict.dtd">
<html xmlns="http://www.w3.org/1999/xhtml">
   <head>
      <meta http-equiv="Content-Type" content="text/html; charset=iso-8859-1"/>
      <title>404 - File or directory not found.</title>
      <style type="text/css">
         <!--body{margin:0;font-size:.7em;font-family:Verdana, Arial, Helvetica, sans-serif;background:#EEEEEE;}
fieldset{padding:0 15px 10px 15px;} 
h1{font-size:2.4em;margin:0;color:#FFF;}
h2{font-size:1.7em;margin:0;color:#CC0000;} 
h3{font-size:1.2em;margin:10px 0 0 0;color:#000000;} 
#header{width:96%;margin:0 0 0 0;padding:6px 2% 6px 2%;font-family:"trebuchet MS", Verdana, sans-serif;color:#FFF;
background-color:#555555;}
#content{margin:0 0 0 2%;position:relative;}
.content-container{background:#FFF;width:96%;margin-top:8px;padding:10px;position:relative;}-->
      </style>
   </head>
   <body>
      <div id="header">
         <h1>Server Error</h1>
      </div>
      <div id="content">
         <div class="content-container">
            <fieldset>
               <h2>404 - File or directory not found.</h2>
               <h3>The resource you are looking for might have been removed, had its name changed, or is temporarily unavailable.</h3>
            </fieldset>
         </div>
      </div>
   </body>
</html>
</pre><hr/>]]></failure></testcase><testcase name="ITGlue Live" time="0.857"/></testsuite>